2018/10/09 12:57:11 
***********************************************************************************
***********************************************************************************
****                             ****            ************                  ****
****                             ******* *********************                 ****
****                              ***************************                  ****
****                             ******************    ***                     ****
****                          ******************     ***                       ****
****                       ******************    *****                         ****
****           *****     **********    ************                            ****
****            ***************************    ***                             ****
****               ************      ****                                      ****
****                 ****            *                                         ****
****                 ***                                                       ****
****                ***                                                        ****
***********************************************************************************
***********************************************************************************
2018/10/09 12:57:11 
***********************************************************************************
**** load config file ok
**** Das.Host localhost
**** Das.Port 8080
****
***********************************************************************************
2018/10/09 12:57:11 center-server is starting ...
2018/10/09 13:06:32 
***********************************************************************************
***********************************************************************************
****                             ****            ************                  ****
****                             ******* *********************                 ****
****                              ***************************                  ****
****                             ******************    ***                     ****
****                          ******************     ***                       ****
****                       ******************    *****                         ****
****           *****     **********    ************                            ****
****            ***************************    ***                             ****
****               ************      ****                                      ****
****                 ****            *                                         ****
****                 ***                                                       ****
****                ***                                                        ****
***********************************************************************************
***********************************************************************************
2018/10/09 13:06:32 
***********************************************************************************
**** load config file ok
**** Das.Host localhost
**** Das.Port 8080
****
***********************************************************************************
2018/10/09 13:06:32 center-server is starting ...
2018/10/09 13:29:22 [
***********************************************************************************
***********************************************************************************
****                             ****            ************                  ****
****                             ******* *********************                 ****
****                              ***************************                  ****
****                             ******************    ***                     ****
****                          ******************     ***                       ****
****                       ******************    *****                         ****
****           *****     **********    ************                            ****
****            ***************************    ***                             ****
****               ************      ****                                      ****
****                 ****            *                                         ****
****                 ***                                                       ****
****                ***                                                        ****
***********************************************************************************
***********************************************************************************
]
2018/10/09 13:29:22 
***********************************************************************************
**** load config file ok
**** Das.Host [localhost 8080]
**** Das.Port %!v(MISSING)
****
***********************************************************************************
2018/10/09 13:29:22 [center-server] is starting ...
2018/10/09 13:30:57 
***********************************************************************************
***********************************************************************************
****                             ****            ************                  ****
****                             ******* *********************                 ****
****                              ***************************                  ****
****                             ******************    ***                     ****
****                          ******************     ***                       ****
****                       ******************    *****                         ****
****           *****     **********    ************                            ****
****            ***************************    ***                             ****
****               ************      ****                                      ****
****                 ****            *                                         ****
****                 ***                                                       ****
****                ***                                                        ****
***********************************************************************************
***********************************************************************************
2018/10/09 13:30:57 
***********************************************************************************
**** load config file ok
**** Das.Host localhost
**** Das.Port 8080
****
***********************************************************************************
2018/10/09 13:30:57 center-server is starting ...
2018/10/09 13:33:02 ***********************************************************************************
***********************************************************************************
****                             ****            ************                  ****
****                             ******* *********************                 ****
****                              ***************************                  ****
****                             ******************    ***                     ****
****                          ******************     ***                       ****
****                       ******************    *****                         ****
****           *****     **********    ************                            ****
****            ***************************    ***                             ****
****               ************      ****                                      ****
****                 ****            *                                         ****
****                 ***                                                       ****
****                ***                                                        ****
***********************************************************************************
***********************************************************************************
2018/10/09 13:33:02 ***********************************************************************************
**** load config file ok
**** Das.Host localhost
**** Das.Port 8080
****
***********************************************************************************
2018/10/09 13:33:02 center-server is starting ...
2018/10/09 13:34:50 
***********************************************************************************
***********************************************************************************
****                             ****            ************                  ****
****                             ******* *********************                 ****
****                              ***************************                  ****
****                             ******************    ***                     ****
****                          ******************     ***                       ****
****                       ******************    *****                         ****
****           *****     **********    ************                            ****
****            ***************************    ***                             ****
****               ************      ****                                      ****
****                 ****            *                                         ****
****                 ***                                                       ****
****                ***                                                        ****
***********************************************************************************
**** load config file ok
**** Das.Host %v
**** Das.Port %v 
***********************************************************************************
localhost8080
2018/10/09 13:34:50 center-server is starting ...
2018/10/09 13:35:11 
***********************************************************************************
***********************************************************************************
****                             ****            ************                  ****
****                             ******* *********************                 ****
****                              ***************************                  ****
****                             ******************    ***                     ****
****                          ******************     ***                       ****
****                       ******************    *****                         ****
****           *****     **********    ************                            ****
****            ***************************    ***                             ****
****               ************      ****                                      ****
****                 ****            *                                         ****
****                 ***                                                       ****
****                ***                                                        ****
***********************************************************************************
**** load config file ok
**** Das.Host localhost
**** Das.Port 8080 
***********************************************************************************
2018/10/09 13:35:11 center-server is starting ...
2018/10/09 13:42:41 
***********************************************************************************
***********************************************************************************
1111011011101101010110100100010000001110110101110111011110001011000010100000100100111000010101111101111100101110000100010001010010
1110100111000010011000100101110110001001000001000001101110000100000011010101111011001101011010111100011101100011111001010110000111
1001011101000000011001001101101001101100111100001110100010101010001010010010001101011001110100111101111011110001101100010101100000
1100001101001010101111011000010000100010000000110010011001001101000011110110000010111011100011000010001101111100011010001110111110
0110001100100011000010000001011010011101011000001011100110100101000111100100000111001000110010111001101100000011011100010111110101
1111101100101001001000010001100110001000100100100111101010001101110111100011110010111111101011010001010111000110011100111110001010
0110111011011010101001111110000100010010011010100101000000110000001110100110010111000001011100100101001000010011011111110001100000
0100001101000001010100010100111100011010000110101011111001001101110110101110011010101001011001011111100101110110101000110110011101
1001010010101111101001011110100100000001111001110100110111100100110010000010001100100100001110110001100101001110100111001111100000
0100001110001011111101100011111110111000000011011011011110011000001111000101011111110011111101000100100010010000000100010011001111
1000011101100111100001011100001001100110001010000100111100100110010101110101110011110010010011101100001110001001110001000000101110
0000110110111111001111010101001111110100001111110101001111100101011110000101110011111010100011000011100101100011101011100100001110
0001011000000000000011110100011100111111100101010110001101000010110110100011101110000111001000000101101001010110001100101011110001
1010000001110010010001001101000011111010111011000000101000101011110000100100101101011101111110000100110100101001001000110011110100
0110010101000101110011001100011101110111111001010111011000011110111010110000100101100000010011001111011000110110110101110011010011
1000111101101001011100010100100101010110010010110001010011111011100101100111100010010100101100000001010010101010100011110111111000
***********************************************************************************
**** load config file ok
**** Das.Host localhost
**** Das.Port 8080 
***********************************************************************************
2018/10/09 13:42:41 center-server is starting ...
2018/10/09 13:46:23 
***********************************************************************************
                                                                                                    
                                                                                                    
                                                                   '.                               
          '+hmmmo                 .+hdm:                :sdmmdy+''dMMN:                             
         /NMMMMMy                oMMMMM/              .dMMMMMMMMd.mMMN:                             
        'MMMMMMho   -oyhhyo:    /MMMMNy-  '/syhys/'   hMMMMdyNs- .yddy/   -oyhh/  -oyhhyo:          
        'NMMMMm'  .dMMMMMMMMN:  oMMMMh+. sMMMMMMMMMo  NMMMM/     :MMMMy  sMMMMMo.dMMMMMMMMm:        
         /MMMMMd 'NMMMMmdMMMMM. oMMMMMM/sMMMMmymMMMM+ NMMMMMN    :MMMMy -MMMMMdoNMMMMdyMMMMN.       
        -'yMMMMM/-MMMMm  yMMMM/ oMMMMMM/dMMMMhmmmmmms NMMMMMN    :MMMMy /MMMMy -MMMMmdmmmmmm-       
       'MMMMMMMM. dMMMMNNMMMMM/ oMMMMo' +MMMMNydy'    NMMMMo:    :MMMMy /MMMMs  dMMMMdym+           
       'MMMMMMd-  'sNMMMMMMMMM/ oMMMM+   :dMMMMMMN-   NMMMM:     :MMMMy /MMMMs  'oNMMMMMMd          
        :+++/.       -/++/::::' .::::.     ./+++:.    :::::'     '::::- '::::.     -/+++-'          
                                                                                                    
                                                                                                    
                                                                                                    

***********************************************************************************
**** load config file ok
**** Das.Host localhost
**** Das.Port 8080 
***********************************************************************************
2018/10/09 13:46:23 center-server is starting ...
2018/10/09 13:49:57 
************************************************************************************************************************
        '-/++/:                         '.:/+.                       '-/+++:.'   -shhs-                                 
      -yNMMMMMM.                      :yNMMMMo                     :hNMMMMMMMNy:'MMMMMM'                                
     oMMMMMMMMM.                    'yMMMMMMMo                   'hMMMMMMMMMMMms'sNNNNs                                 
    .MMMMMMMNhd.   '-+yhhhhyo:.     +MMMMMMmy:   '-+yhhhhyo-'    sMMMMMMdsmms:' .yhddhy.    .+yhhhh.  '-+yhhhhy+-'      
    .MMMMMMMh    '/dMMMMMMMMMMNs'   yMMMMMM:-' '+dMMMMMMMMMMm+'  dMMMMMM- ''    :MMMMMM:  'yNMMMMMM.'+mMMMMMMMMMMd+'    
     yMMMMMMMs   yMMMMMMMMMMMMMMd'  yMMMMMMMM+ yMMMMMNdhNMMMMMy  dMMMMMMdh-     :MMMMMM:  yMMMMMMMM-hMMMMMNdhNMMMMMy    
     'yMMMMMMM+ :MMMMMMd::yMMMMMM:  yMMMMMMMMo:MMMMMMdmmNMMMMMM- dMMMMMMMM/     :MMMMMM:  NMMMMMm//+MMMMMMdmmNMMMMMM-   
   -+:oMMMMMMMd :MMMMMMy../MMMMMM+  yMMMMMMmm//MMMMMMhyyhhyyyyy. dMMMMMMMM/     :MMMMMM:  NMMMMMy  /MMMMMMhyyhhyyyyy.   
   oMMMMMMMMMM+  hMMMMMMNNNMMMMMM+  yMMMMMN'' 'hMMMMMMdhNd/      dMMMMMM/-'     :MMMMMM:  NMMMMMy  'dMMMMMMdhNd/        
   oMMMMMMMMm/   'oNMMMMMMMMMMMMM+  yMMMMMN    'oNMMMMMMMMMh.    dMMMMMM.       :MMMMMM:  NMMMMMy   'oNMMMMMMMMMh.      
   :hdmmdho:       ':shdmmdyyyyyy:  +yyyyys      ':shdmmdho:     oyyyyyy'       -yyyyyy.  yyyyyy/     ':shdmmdho:
************************************************************************************************************************
**** load config file ok
**** Das.Host localhost
**** Das.Port 8080 
************************************************************************************************************************
2018/10/09 13:49:57 center-server is starting ...
2018/10/09 14:02:04 
************************************************************************************************************************
        '-/++/:                         '.:/+.                       '-/+++:.'   -shhs-                                 
      -yNMMMMMM.                      :yNMMMMo                     :hNMMMMMMMNy:'MMMMMM'                                
     oMMMMMMMMM.                    'yMMMMMMMo                   'hMMMMMMMMMMMms'sNNNNs                                 
    .MMMMMMMNhd.   '-+yhhhhyo:.     +MMMMMMmy:   '-+yhhhhyo-'    sMMMMMMdsmms:' .yhddhy.    .+yhhhh.  '-+yhhhhy+-'      
    .MMMMMMMh    '/dMMMMMMMMMMNs'   yMMMMMM:-' '+dMMMMMMMMMMm+'  dMMMMMM- ''    :MMMMMM:  'yNMMMMMM.'+mMMMMMMMMMMd+'    
     yMMMMMMMs   yMMMMMMMMMMMMMMd'  yMMMMMMMM+ yMMMMMNdhNMMMMMy  dMMMMMMdh-     :MMMMMM:  yMMMMMMMM-hMMMMMNdhNMMMMMy    
     'yMMMMMMM+ :MMMMMMd::yMMMMMM:  yMMMMMMMMo:MMMMMMdmmNMMMMMM- dMMMMMMMM/     :MMMMMM:  NMMMMMm//+MMMMMMdmmNMMMMMM-   
   -+:oMMMMMMMd :MMMMMMy../MMMMMM+  yMMMMMMmm//MMMMMMhyyhhyyyyy. dMMMMMMMM/     :MMMMMM:  NMMMMMy  /MMMMMMhyyhhyyyyy.   
   oMMMMMMMMMM+  hMMMMMMNNNMMMMMM+  yMMMMMN'' 'hMMMMMMdhNd/      dMMMMMM/-'     :MMMMMM:  NMMMMMy  'dMMMMMMdhNd/        
   oMMMMMMMMm/   'oNMMMMMMMMMMMMM+  yMMMMMN    'oNMMMMMMMMMh.    dMMMMMM.       :MMMMMM:  NMMMMMy   'oNMMMMMMMMMh.      
   :hdmmdho:       ':shdmmdyyyyyy:  +yyyyys      ':shdmmdho:     oyyyyyy'       -yyyyyy.  yyyyyy/     ':shdmmdho:
************************************************************************************************************************
**** load config file ok
**** Das.Host localhost
**** Das.Port 8080 
************************************************************************************************************************
2018/10/09 14:02:04 center-server is starting ...
2018/10/09 14:03:41 
************************************************************************************************************************
        '-/++/:                         '.:/+.                       '-/+++:.'   -shhs-                                 
      -yNMMMMMM.                      :yNMMMMo                     :hNMMMMMMMNy:'MMMMMM'                                
     oMMMMMMMMM.                    'yMMMMMMMo                   'hMMMMMMMMMMMms'sNNNNs                                 
    .MMMMMMMNhd.   '-+yhhhhyo:.     +MMMMMMmy:   '-+yhhhhyo-'    sMMMMMMdsmms:' .yhddhy.    .+yhhhh.  '-+yhhhhy+-'      
    .MMMMMMMh    '/dMMMMMMMMMMNs'   yMMMMMM:-' '+dMMMMMMMMMMm+'  dMMMMMM- ''    :MMMMMM:  'yNMMMMMM.'+mMMMMMMMMMMd+'    
     yMMMMMMMs   yMMMMMMMMMMMMMMd'  yMMMMMMMM+ yMMMMMNdhNMMMMMy  dMMMMMMdh-     :MMMMMM:  yMMMMMMMM-hMMMMMNdhNMMMMMy    
     'yMMMMMMM+ :MMMMMMd::yMMMMMM:  yMMMMMMMMo:MMMMMMdmmNMMMMMM- dMMMMMMMM/     :MMMMMM:  NMMMMMm//+MMMMMMdmmNMMMMMM-   
   -+:oMMMMMMMd :MMMMMMy../MMMMMM+  yMMMMMMmm//MMMMMMhyyhhyyyyy. dMMMMMMMM/     :MMMMMM:  NMMMMMy  /MMMMMMhyyhhyyyyy.   
   oMMMMMMMMMM+  hMMMMMMNNNMMMMMM+  yMMMMMN'' 'hMMMMMMdhNd/      dMMMMMM/-'     :MMMMMM:  NMMMMMy  'dMMMMMMdhNd/        
   oMMMMMMMMm/   'oNMMMMMMMMMMMMM+  yMMMMMN    'oNMMMMMMMMMh.    dMMMMMM.       :MMMMMM:  NMMMMMy   'oNMMMMMMMMMh.      
   :hdmmdho:       ':shdmmdyyyyyy:  +yyyyys      ':shdmmdho:     oyyyyyy'       -yyyyyy.  yyyyyy/     ':shdmmdho:
************************************************************************************************************************
**** load config file ok
**** Das.Host localhost
**** Das.Port 8080 
************************************************************************************************************************
2018/10/09 14:03:41 center-server is starting ...
2018/10/09 14:04:07 map[4_40002:(x - 4) * (20 - 0)/(20-4) 4_40001:(x - 4) * (20 - 0)/(20-4)]
2018/10/09 14:15:58 
************************************************************************************************************************
        '-/++/:                         '.:/+.                       '-/+++:.'   -shhs-                                 
      -yNMMMMMM.                      :yNMMMMo                     :hNMMMMMMMNy:'MMMMMM'                                
     oMMMMMMMMM.                    'yMMMMMMMo                   'hMMMMMMMMMMMms'sNNNNs                                 
    .MMMMMMMNhd.   '-+yhhhhyo:.     +MMMMMMmy:   '-+yhhhhyo-'    sMMMMMMdsmms:' .yhddhy.    .+yhhhh.  '-+yhhhhy+-'      
    .MMMMMMMh    '/dMMMMMMMMMMNs'   yMMMMMM:-' '+dMMMMMMMMMMm+'  dMMMMMM- ''    :MMMMMM:  'yNMMMMMM.'+mMMMMMMMMMMd+'    
     yMMMMMMMs   yMMMMMMMMMMMMMMd'  yMMMMMMMM+ yMMMMMNdhNMMMMMy  dMMMMMMdh-     :MMMMMM:  yMMMMMMMM-hMMMMMNdhNMMMMMy    
     'yMMMMMMM+ :MMMMMMd::yMMMMMM:  yMMMMMMMMo:MMMMMMdmmNMMMMMM- dMMMMMMMM/     :MMMMMM:  NMMMMMm//+MMMMMMdmmNMMMMMM-   
   -+:oMMMMMMMd :MMMMMMy../MMMMMM+  yMMMMMMmm//MMMMMMhyyhhyyyyy. dMMMMMMMM/     :MMMMMM:  NMMMMMy  /MMMMMMhyyhhyyyyy.   
   oMMMMMMMMMM+  hMMMMMMNNNMMMMMM+  yMMMMMN'' 'hMMMMMMdhNd/      dMMMMMM/-'     :MMMMMM:  NMMMMMy  'dMMMMMMdhNd/        
   oMMMMMMMMm/   'oNMMMMMMMMMMMMM+  yMMMMMN    'oNMMMMMMMMMh.    dMMMMMM.       :MMMMMM:  NMMMMMy   'oNMMMMMMMMMh.      
   :hdmmdho:       ':shdmmdyyyyyy:  +yyyyys      ':shdmmdho:     oyyyyyy'       -yyyyyy.  yyyyyy/     ':shdmmdho:
************************************************************************************************************************
**** load config file ok
**** Das.Host localhost
**** Das.Port 8080 
************************************************************************************************************************
2018/10/09 14:15:58 center-server is starting ...
2018/10/09 14:15:58 map[4_40001:(x - 4) * (20 - 0)/(20-4) 4_40002:(x - 4) * (20 - 0)/(20-4)]
2018/10/09 14:16:08 control data {   "timestamp":102222001,   "rows":[     {       "name":"pn1",       "value":100.99     },     {       "name":"pn2",       "value":100.991     }   ] }
2018/10/09 14:16:08 Post http://:0/control: dial tcp :0: connectex: The requested address is not valid in its context.
2018/10/09 14:16:41 cache timeStamp data: 111
2018/10/09 14:20:31 
************************************************************************************************************************
        '-/++/:                         '.:/+.                       '-/+++:.'   -shhs-                                 
      -yNMMMMMM.                      :yNMMMMo                     :hNMMMMMMMNy:'MMMMMM'                                
     oMMMMMMMMM.                    'yMMMMMMMo                   'hMMMMMMMMMMMms'sNNNNs                                 
    .MMMMMMMNhd.   '-+yhhhhyo:.     +MMMMMMmy:   '-+yhhhhyo-'    sMMMMMMdsmms:' .yhddhy.    .+yhhhh.  '-+yhhhhy+-'      
    .MMMMMMMh    '/dMMMMMMMMMMNs'   yMMMMMM:-' '+dMMMMMMMMMMm+'  dMMMMMM- ''    :MMMMMM:  'yNMMMMMM.'+mMMMMMMMMMMd+'    
     yMMMMMMMs   yMMMMMMMMMMMMMMd'  yMMMMMMMM+ yMMMMMNdhNMMMMMy  dMMMMMMdh-     :MMMMMM:  yMMMMMMMM-hMMMMMNdhNMMMMMy    
     'yMMMMMMM+ :MMMMMMd::yMMMMMM:  yMMMMMMMMo:MMMMMMdmmNMMMMMM- dMMMMMMMM/     :MMMMMM:  NMMMMMm//+MMMMMMdmmNMMMMMM-   
   -+:oMMMMMMMd :MMMMMMy../MMMMMM+  yMMMMMMmm//MMMMMMhyyhhyyyyy. dMMMMMMMM/     :MMMMMM:  NMMMMMy  /MMMMMMhyyhhyyyyy.   
   oMMMMMMMMMM+  hMMMMMMNNNMMMMMM+  yMMMMMN'' 'hMMMMMMdhNd/      dMMMMMM/-'     :MMMMMM:  NMMMMMy  'dMMMMMMdhNd/        
   oMMMMMMMMm/   'oNMMMMMMMMMMMMM+  yMMMMMN    'oNMMMMMMMMMh.    dMMMMMM.       :MMMMMM:  NMMMMMy   'oNMMMMMMMMMh.      
   :hdmmdho:       ':shdmmdyyyyyy:  +yyyyys      ':shdmmdho:     oyyyyyy'       -yyyyyy.  yyyyyy/     ':shdmmdho:
************************************************************************************************************************
**** load config file ok
**** Das.Host localhost
**** Das.Port 8080 
************************************************************************************************************************
2018/10/09 14:20:31 center-server is starting ...
2018/10/09 14:20:31 map[4_40001:(x - 4) * (20 - 0)/(20-4) 4_40002:(x - 4) * (20 - 0)/(20-4)]
2018/10/09 14:20:31 das url http://localhost:8080.
2018/10/09 14:20:53 cache timeStamp data: 111
2018/10/09 14:27:12 
************************************************************************************************************************
        '-/++/:                         '.:/+.                       '-/+++:.'   -shhs-                                 
      -yNMMMMMM.                      :yNMMMMo                     :hNMMMMMMMNy:'MMMMMM'                                
     oMMMMMMMMM.                    'yMMMMMMMo                   'hMMMMMMMMMMMms'sNNNNs                                 
    .MMMMMMMNhd.   '-+yhhhhyo:.     +MMMMMMmy:   '-+yhhhhyo-'    sMMMMMMdsmms:' .yhddhy.    .+yhhhh.  '-+yhhhhy+-'      
    .MMMMMMMh    '/dMMMMMMMMMMNs'   yMMMMMM:-' '+dMMMMMMMMMMm+'  dMMMMMM- ''    :MMMMMM:  'yNMMMMMM.'+mMMMMMMMMMMd+'    
     yMMMMMMMs   yMMMMMMMMMMMMMMd'  yMMMMMMMM+ yMMMMMNdhNMMMMMy  dMMMMMMdh-     :MMMMMM:  yMMMMMMMM-hMMMMMNdhNMMMMMy    
     'yMMMMMMM+ :MMMMMMd::yMMMMMM:  yMMMMMMMMo:MMMMMMdmmNMMMMMM- dMMMMMMMM/     :MMMMMM:  NMMMMMm//+MMMMMMdmmNMMMMMM-   
   -+:oMMMMMMMd :MMMMMMy../MMMMMM+  yMMMMMMmm//MMMMMMhyyhhyyyyy. dMMMMMMMM/     :MMMMMM:  NMMMMMy  /MMMMMMhyyhhyyyyy.   
   oMMMMMMMMMM+  hMMMMMMNNNMMMMMM+  yMMMMMN'' 'hMMMMMMdhNd/      dMMMMMM/-'     :MMMMMM:  NMMMMMy  'dMMMMMMdhNd/        
   oMMMMMMMMm/   'oNMMMMMMMMMMMMM+  yMMMMMN    'oNMMMMMMMMMh.    dMMMMMM.       :MMMMMM:  NMMMMMy   'oNMMMMMMMMMh.      
   :hdmmdho:       ':shdmmdyyyyyy:  +yyyyys      ':shdmmdho:     oyyyyyy'       -yyyyyy.  yyyyyy/     ':shdmmdho:
************************************************************************************************************************
**** load config file ok
**** Das.Host localhost
**** Das.Port 8080 
************************************************************************************************************************
2018/10/09 14:27:12 center-server is starting ...
2018/10/09 14:27:12 map[4_40001:(x - 4) * (20 - 0)/(20-4) 4_40002:(x - 4) * (20 - 0)/(20-4)]
2018/10/09 14:27:12 das url http://localhost:8080.
[GIN] 2018/10/09 - 14:27:26 | 400 |      1.9531ms |       127.0.0.1 | GET      /page?name=dashboard
2018/10/09 14:32:34 
************************************************************************************************************************
        '-/++/:                         '.:/+.                       '-/+++:.'   -shhs-                                 
      -yNMMMMMM.                      :yNMMMMo                     :hNMMMMMMMNy:'MMMMMM'                                
     oMMMMMMMMM.                    'yMMMMMMMo                   'hMMMMMMMMMMMms'sNNNNs                                 
    .MMMMMMMNhd.   '-+yhhhhyo:.     +MMMMMMmy:   '-+yhhhhyo-'    sMMMMMMdsmms:' .yhddhy.    .+yhhhh.  '-+yhhhhy+-'      
    .MMMMMMMh    '/dMMMMMMMMMMNs'   yMMMMMM:-' '+dMMMMMMMMMMm+'  dMMMMMM- ''    :MMMMMM:  'yNMMMMMM.'+mMMMMMMMMMMd+'    
     yMMMMMMMs   yMMMMMMMMMMMMMMd'  yMMMMMMMM+ yMMMMMNdhNMMMMMy  dMMMMMMdh-     :MMMMMM:  yMMMMMMMM-hMMMMMNdhNMMMMMy    
     'yMMMMMMM+ :MMMMMMd::yMMMMMM:  yMMMMMMMMo:MMMMMMdmmNMMMMMM- dMMMMMMMM/     :MMMMMM:  NMMMMMm//+MMMMMMdmmNMMMMMM-   
   -+:oMMMMMMMd :MMMMMMy../MMMMMM+  yMMMMMMmm//MMMMMMhyyhhyyyyy. dMMMMMMMM/     :MMMMMM:  NMMMMMy  /MMMMMMhyyhhyyyyy.   
   oMMMMMMMMMM+  hMMMMMMNNNMMMMMM+  yMMMMMN'' 'hMMMMMMdhNd/      dMMMMMM/-'     :MMMMMM:  NMMMMMy  'dMMMMMMdhNd/        
   oMMMMMMMMm/   'oNMMMMMMMMMMMMM+  yMMMMMN    'oNMMMMMMMMMh.    dMMMMMM.       :MMMMMM:  NMMMMMy   'oNMMMMMMMMMh.      
   :hdmmdho:       ':shdmmdyyyyyy:  +yyyyys      ':shdmmdho:     oyyyyyy'       -yyyyyy.  yyyyyy/     ':shdmmdho:
************************************************************************************************************************
**** load config file ok
**** Das.Host localhost
**** Das.Port 8080 
************************************************************************************************************************
2018/10/09 14:32:34 center-server is starting ...
2018/10/09 14:32:34 map[4_40001:(x - 4) * (20 - 0)/(20-4) 4_40002:(x - 4) * (20 - 0)/(20-4)]
2018/10/09 14:32:34 das url http://localhost:8080.
2018/10/09 14:34:38 
************************************************************************************************************************
************************************************************************************************************************ 
        '-/++/:                         '.:/+.                       '-/+++:.'   -shhs-                                 
      -yNMMMMMM.                      :yNMMMMo                     :hNMMMMMMMNy:'MMMMMM'                                
     oMMMMMMMMM.                    'yMMMMMMMo                   'hMMMMMMMMMMMms'sNNNNs                                 
    .MMMMMMMNhd.   '-+yhhhhyo:.     +MMMMMMmy:   '-+yhhhhyo-'    sMMMMMMdsmms:' .yhddhy.    .+yhhhh.  '-+yhhhhy+-'      
    .MMMMMMMh    '/dMMMMMMMMMMNs'   yMMMMMM:-' '+dMMMMMMMMMMm+'  dMMMMMM- ''    :MMMMMM:  'yNMMMMMM.'+mMMMMMMMMMMd+'    
     yMMMMMMMs   yMMMMMMMMMMMMMMd'  yMMMMMMMM+ yMMMMMNdhNMMMMMy  dMMMMMMdh-     :MMMMMM:  yMMMMMMMM-hMMMMMNdhNMMMMMy    
     'yMMMMMMM+ :MMMMMMd::yMMMMMM:  yMMMMMMMMo:MMMMMMdmmNMMMMMM- dMMMMMMMM/     :MMMMMM:  NMMMMMm//+MMMMMMdmmNMMMMMM-   
   -+:oMMMMMMMd :MMMMMMy../MMMMMM+  yMMMMMMmm//MMMMMMhyyhhyyyyy. dMMMMMMMM/     :MMMMMM:  NMMMMMy  /MMMMMMhyyhhyyyyy.   
   oMMMMMMMMMM+  hMMMMMMNNNMMMMMM+  yMMMMMN'' 'hMMMMMMdhNd/      dMMMMMM/-'     :MMMMMM:  NMMMMMy  'dMMMMMMdhNd/        
   oMMMMMMMMm/   'oNMMMMMMMMMMMMM+  yMMMMMN    'oNMMMMMMMMMh.    dMMMMMM.       :MMMMMM:  NMMMMMy   'oNMMMMMMMMMh.      
   :hdmmdho:       ':shdmmdyyyyyy:  +yyyyys      ':shdmmdho:     oyyyyyy'       -yyyyyy.  yyyyyy/     ':shdmmdho:
************************************************************************************************************************
**** load config file ok
**** Das.Host localhost
**** Das.Port 8080 
************************************************************************************************************************
2018/10/09 14:34:38 center-server is starting ...
2018/10/09 14:34:38 map[4_40001:(x - 4) * (20 - 0)/(20-4) 4_40002:(x - 4) * (20 - 0)/(20-4)]
2018/10/09 14:34:38 das url http://localhost:8080.
2018/10/09 14:36:07 
***********************************************************************************
***********************************************************************************
****                             ****            ************                  ****
****                             ******* *********************                 ****
****                              ***************************                  ****
****                             ******************    ***                     ****
****                          ******************     ***                       ****
****                       ******************    *****                         ****
****           *****     **********    ************                            ****
****            ***************************    ***                             ****
****               ************      ****                                      ****
****                 ****            *                                         ****
****                 ***                                                       ****
****                ***                                                        ****
***********************************************************************************
**** load config file ok
**** Das.Host localhost
**** Das.Port 8080 
***********************************************************************************
2018/10/09 14:36:07 center-server is starting ...
2018/10/09 14:36:07 map[4_40001:(x - 4) * (20 - 0)/(20-4) 4_40002:(x - 4) * (20 - 0)/(20-4)]
2018/10/09 14:36:07 das url http://localhost:8080.
2018/10/09 14:37:26 
***********************************************************************************
***********************************************************************************
****                             ****            ************                  ****
****                             ******* *********************                 ****
****                              ***************************                  ****
****                             ******************    ***                     ****
****                          ******************     ***                       ****
****                       ******************    *****                         ****
****           *****     **********    ************                            ****
****            ***************************    ***                             ****
****               ************      ****                                      ****
****                 ****            *                                         ****
****                 ***                                                       ****
****                ***                                                        ****
***********************************************************************************
***********************************************************************************
**** load config file ok
**** Das.Host localhost
**** Das.Port 8080 
***********************************************************************************
2018/10/09 14:37:26 center-server is starting ...
2018/10/09 14:37:26 point config [map[4_40001:(x - 4) * (20 - 0)/(20-4) 4_40002:(x - 4) * (20 - 0)/(20-4)]].
2018/10/09 14:37:26 das url http://localhost:8080.
2018/10/09 15:17:58 
***********************************************************************************
***********************************************************************************
****                             ****            ************                  ****
****                             ******* *********************                 ****
****                              ***************************                  ****
****                             ******************    ***                     ****
****                          ******************     ***                       ****
****                       ******************    *****                         ****
****           *****     **********    ************                            ****
****            ***************************    ***                             ****
****               ************      ****                                      ****
****                 ****            *                                         ****
****                 ***                                                       ****
****                ***                                                        ****
***********************************************************************************
***********************************************************************************
**** load config file ok
**** Das.Host localhost
**** Das.Port 8080 
***********************************************************************************
2018/10/09 15:17:58 center-server is starting ...
2018/10/09 15:17:58 point config load ok [map[4_40001:(x - 4) * (20 - 0)/(20-4) 4_40002:(x - 4) * (20 - 0)/(20-4)]].
2018/10/09 15:17:58 das url http://localhost:8080.
2018/10/09 15:18:20 cache timeStamp data: 111
2018/10/09 15:19:19 result: -1.25
2018/10/09 15:19:24 err: <nil>
2018/10/09 15:20:07 result: 0
2018/10/09 15:20:08 err: <nil>
2018/10/09 15:26:18 
***********************************************************************************
***********************************************************************************
****                             ****            ************                  ****
****                             ******* *********************                 ****
****                              ***************************                  ****
****                             ******************    ***                     ****
****                          ******************     ***                       ****
****                       ******************    *****                         ****
****           *****     **********    ************                            ****
****            ***************************    ***                             ****
****               ************      ****                                      ****
****                 ****            *                                         ****
****                 ***                                                       ****
****                ***                                                        ****
***********************************************************************************
***********************************************************************************
**** load config file ok
**** Das.Host localhost
**** Das.Port 8080 
***********************************************************************************
2018/10/09 15:26:18 center-server is starting ...
2018/10/09 15:26:18 point config load ok [map[4_40001:(x - 4) * (20 - 0)/(20-4) 4_40002:(x - 4) * (20 - 0)/(20-4)]].
2018/10/09 15:26:18 das url http://localhost:8080.
2018/10/09 15:26:26 cache timeStamp data: 111
2018/10/09 15:27:07 cache timeStamp data: 111
2018/10/09 15:27:08 cache timeStamp data: 111
2018/10/09 15:27:09 cache timeStamp data: 111
2018/10/09 16:31:24 
***********************************************************************************
***********************************************************************************
****                             ****            ************                  ****
****                             ******* *********************                 ****
****                              ***************************                  ****
****                             ******************    ***                     ****
****                          ******************     ***                       ****
****                       ******************    *****                         ****
****           *****     **********    ************                            ****
****            ***************************    ***                             ****
****               ************      ****                                      ****
****                 ****            *                                         ****
****                 ***                                                       ****
****                ***                                                        ****
***********************************************************************************
***********************************************************************************
**** load config file ok
**** Das.Host localhost
**** Das.Port 8080 
***********************************************************************************
2018/10/09 16:31:24 center-server is starting ...
2018/10/09 16:31:24 point config load ok [map[4_40002:(x - 4) * (20 - 0)/(20-4) 4_40001:(x - 4) * (20 - 0)/(20-4)]].
2018/10/09 16:31:24 das url http://localhost:8080.
2018/10/09 16:43:08 
***********************************************************************************
***********************************************************************************
****                             ****            ************                  ****
****                             ******* *********************                 ****
****                              ***************************                  ****
****                             ******************    ***                     ****
****                          ******************     ***                       ****
****                       ******************    *****                         ****
****           *****     **********    ************                            ****
****            ***************************    ***                             ****
****               ************      ****                                      ****
****                 ****            *                                         ****
****                 ***                                                       ****
****                ***                                                        ****
***********************************************************************************
***********************************************************************************
**** load config file ok
**** Das.Host localhost
**** Das.Port 8080 
***********************************************************************************
2018/10/09 16:43:08 center-server is starting ...
2018/10/09 16:43:08 point config load ok [map[4_40001:(x - 4) * (20 - 0)/(20-4) 4_40002:(x - 4) * (20 - 0)/(20-4)]].
2018/10/09 16:43:08 das url http://localhost:8080.
2018/10/09 16:43:32 cache timeStamp data: 111
2018/10/09 16:48:15 
***********************************************************************************
***********************************************************************************
****                             ****            ************                  ****
****                             ******* *********************                 ****
****                              ***************************                  ****
****                             ******************    ***                     ****
****                          ******************     ***                       ****
****                       ******************    *****                         ****
****           *****     **********    ************                            ****
****            ***************************    ***                             ****
****               ************      ****                                      ****
****                 ****            *                                         ****
****                 ***                                                       ****
****                ***                                                        ****
***********************************************************************************
***********************************************************************************
**** load config file ok
**** Das.Host localhost
**** Das.Port 8080 
***********************************************************************************
2018/10/09 16:48:15 center-server is starting ...
2018/10/09 16:48:15 point config load ok [map[4_40001:(x - 4) * (20 - 0)/(20-4) 4_40002:(x - 4) * (20 - 0)/(20-4)]].
2018/10/09 16:48:15 das url http://localhost:8080.
2018/10/09 16:48:38 cache timeStamp data: 111
2018/10/09 16:51:16 
***********************************************************************************
***********************************************************************************
****                             ****            ************                  ****
****                             ******* *********************                 ****
****                              ***************************                  ****
****                             ******************    ***                     ****
****                          ******************     ***                       ****
****                       ******************    *****                         ****
****           *****     **********    ************                            ****
****            ***************************    ***                             ****
****               ************      ****                                      ****
****                 ****            *                                         ****
****                 ***                                                       ****
****                ***                                                        ****
***********************************************************************************
***********************************************************************************
**** load config file ok
**** Das.Host localhost
**** Das.Port 8080 
***********************************************************************************
2018/10/09 16:51:16 center-server is starting ...
2018/10/09 16:51:16 point config load ok [map[4_40001:(x - 4) * (20 - 0)/(20-4) 4_40002:(x - 4) * (20 - 0)/(20-4)]].
2018/10/09 16:51:16 das url http://localhost:8080.
2018/10/09 16:51:23 cache timeStamp data: 111
